2021-03-10 21:54:44.844  WARN 10384 --- [main] JpaBaseConfiguration$JpaWebConfiguration : spring.jpa.open-in-view is enabled by default. Therefore, database queries may be performed during view rendering. Explicitly configure spring.jpa.open-in-view to disable this warning
2021-03-10 21:55:52.936 DEBUG 10384 --- [http-nio-8080-exec-1] org.hibernate.SQL                        : select next_val as id_val from hibernate_sequence for update
2021-03-10 21:55:53.051 DEBUG 10384 --- [http-nio-8080-exec-1] org.hibernate.SQL                        : update hibernate_sequence set next_val= ? where next_val=?
2021-03-10 21:55:53.110 DEBUG 10384 --- [http-nio-8080-exec-1] org.hibernate.SQL                        : insert into cliente (codice, indirizzo, ragione_sociale, id) values (?, ?, ?, ?)
2021-03-10 21:55:53.113 TRACE 10384 --- [http-nio-8080-exec-1] o.h.type.descriptor.sql.BasicBinder      : binding parameter [1] as [VARCHAR] - [ngug9ug]
2021-03-10 21:55:53.118 TRACE 10384 --- [http-nio-8080-exec-1] o.h.type.descriptor.sql.BasicBinder      : binding parameter [2] as [VARCHAR] - [uh b0b]
2021-03-10 21:55:53.118 TRACE 10384 --- [http-nio-8080-exec-1] o.h.type.descriptor.sql.BasicBinder      : binding parameter [3] as [VARCHAR] - [uhb hu 0]
2021-03-10 21:55:53.118 TRACE 10384 --- [http-nio-8080-exec-1] o.h.type.descriptor.sql.BasicBinder      : binding parameter [4] as [BIGINT] - [8]
2021-03-10 21:55:53.363 DEBUG 10384 --- [http-nio-8080-exec-1] org.hibernate.SQL                        : select cliente0_.id as id1_0_, cliente0_.codice as codice2_0_, cliente0_.indirizzo as indirizz3_0_, cliente0_.ragione_sociale as ragione_4_0_ from cliente cliente0_
2021-03-10 21:56:30.016 DEBUG 10384 --- [http-nio-8080-exec-3] org.hibernate.SQL                        : select cliente0_.id as id1_0_, cliente0_.codice as codice2_0_, cliente0_.indirizzo as indirizz3_0_, cliente0_.ragione_sociale as ragione_4_0_ from cliente cliente0_
2021-03-10 21:56:42.216 DEBUG 10384 --- [http-nio-8080-exec-4] org.hibernate.SQL                        : select cliente0_.id as id1_0_, cliente0_.codice as codice2_0_, cliente0_.indirizzo as indirizz3_0_, cliente0_.ragione_sociale as ragione_4_0_ from cliente cliente0_
2021-03-10 21:58:43.993 DEBUG 10384 --- [http-nio-8080-exec-6] org.hibernate.SQL                        : select next_val as id_val from hibernate_sequence for update
2021-03-10 21:58:43.996 DEBUG 10384 --- [http-nio-8080-exec-6] org.hibernate.SQL                        : update hibernate_sequence set next_val= ? where next_val=?
2021-03-10 21:58:44.035 DEBUG 10384 --- [http-nio-8080-exec-6] org.hibernate.SQL                        : insert into cliente (codice, indirizzo, ragione_sociale, id) values (?, ?, ?, ?)
2021-03-10 21:58:44.038 TRACE 10384 --- [http-nio-8080-exec-6] o.h.type.descriptor.sql.BasicBinder      : binding parameter [1] as [VARCHAR] - []
2021-03-10 21:58:44.040 TRACE 10384 --- [http-nio-8080-exec-6] o.h.type.descriptor.sql.BasicBinder      : binding parameter [2] as [VARCHAR] - []
2021-03-10 21:58:44.040 TRACE 10384 --- [http-nio-8080-exec-6] o.h.type.descriptor.sql.BasicBinder      : binding parameter [3] as [VARCHAR] - []
2021-03-10 21:58:44.041 TRACE 10384 --- [http-nio-8080-exec-6] o.h.type.descriptor.sql.BasicBinder      : binding parameter [4] as [BIGINT] - [9]
2021-03-10 21:58:44.049 DEBUG 10384 --- [http-nio-8080-exec-6] org.hibernate.SQL                        : select cliente0_.id as id1_0_, cliente0_.codice as codice2_0_, cliente0_.indirizzo as indirizz3_0_, cliente0_.ragione_sociale as ragione_4_0_ from cliente cliente0_
2021-03-10 21:58:45.973 DEBUG 10384 --- [http-nio-8080-exec-7] org.hibernate.SQL                        : select cliente0_.id as id1_0_, cliente0_.codice as codice2_0_, cliente0_.indirizzo as indirizz3_0_, cliente0_.ragione_sociale as ragione_4_0_ from cliente cliente0_
2021-03-10 22:04:30.684  WARN 1788 --- [main] JpaBaseConfiguration$JpaWebConfiguration : spring.jpa.open-in-view is enabled by default. Therefore, database queries may be performed during view rendering. Explicitly configure spring.jpa.open-in-view to disable this warning
2021-03-10 22:06:20.756 DEBUG 1788 --- [http-nio-8080-exec-1] org.hibernate.SQL                        : select next_val as id_val from hibernate_sequence for update
2021-03-10 22:06:20.779 DEBUG 1788 --- [http-nio-8080-exec-1] org.hibernate.SQL                        : update hibernate_sequence set next_val= ? where next_val=?
2021-03-10 22:06:20.867 DEBUG 1788 --- [http-nio-8080-exec-1] org.hibernate.SQL                        : insert into cliente (codice, indirizzo, ragione_sociale, id) values (?, ?, ?, ?)
2021-03-10 22:06:20.868 TRACE 1788 --- [http-nio-8080-exec-1] o.h.type.descriptor.sql.BasicBinder      : binding parameter [1] as [VARCHAR] - []
2021-03-10 22:06:20.868 TRACE 1788 --- [http-nio-8080-exec-1] o.h.type.descriptor.sql.BasicBinder      : binding parameter [2] as [VARCHAR] - []
2021-03-10 22:06:20.868 TRACE 1788 --- [http-nio-8080-exec-1] o.h.type.descriptor.sql.BasicBinder      : binding parameter [3] as [VARCHAR] - []
2021-03-10 22:06:20.868 TRACE 1788 --- [http-nio-8080-exec-1] o.h.type.descriptor.sql.BasicBinder      : binding parameter [4] as [BIGINT] - [10]
2021-03-10 22:06:21.057 DEBUG 1788 --- [http-nio-8080-exec-1] org.hibernate.SQL                        : select cliente0_.id as id1_0_, cliente0_.codice as codice2_0_, cliente0_.indirizzo as indirizz3_0_, cliente0_.ragione_sociale as ragione_4_0_ from cliente cliente0_
2021-03-10 22:06:22.946 DEBUG 1788 --- [http-nio-8080-exec-3] org.hibernate.SQL                        : select cliente0_.id as id1_0_, cliente0_.codice as codice2_0_, cliente0_.indirizzo as indirizz3_0_, cliente0_.ragione_sociale as ragione_4_0_ from cliente cliente0_
2021-03-10 22:06:23.766 DEBUG 1788 --- [http-nio-8080-exec-4] org.hibernate.SQL                        : select cliente0_.id as id1_0_, cliente0_.codice as codice2_0_, cliente0_.indirizzo as indirizz3_0_, cliente0_.ragione_sociale as ragione_4_0_ from cliente cliente0_
2021-03-10 22:06:24.332 DEBUG 1788 --- [http-nio-8080-exec-2] org.hibernate.SQL                        : select cliente0_.id as id1_0_, cliente0_.codice as codice2_0_, cliente0_.indirizzo as indirizz3_0_, cliente0_.ragione_sociale as ragione_4_0_ from cliente cliente0_
2021-03-10 22:06:24.776 DEBUG 1788 --- [http-nio-8080-exec-5] org.hibernate.SQL                        : select cliente0_.id as id1_0_, cliente0_.codice as codice2_0_, cliente0_.indirizzo as indirizz3_0_, cliente0_.ragione_sociale as ragione_4_0_ from cliente cliente0_
2021-03-10 22:09:42.912 DEBUG 1788 --- [http-nio-8080-exec-7] org.hibernate.SQL                        : select cliente0_.id as id1_0_, cliente0_.codice as codice2_0_, cliente0_.indirizzo as indirizz3_0_, cliente0_.ragione_sociale as ragione_4_0_ from cliente cliente0_
2021-03-10 22:29:17.538 DEBUG 1788 --- [http-nio-8080-exec-9] org.hibernate.SQL                        : select cliente0_.id as id1_0_, cliente0_.codice as codice2_0_, cliente0_.indirizzo as indirizz3_0_, cliente0_.ragione_sociale as ragione_4_0_ from cliente cliente0_
2021-03-10 22:29:50.239 DEBUG 1788 --- [http-nio-8080-exec-10] org.hibernate.SQL                        : select cliente0_.id as id1_0_, cliente0_.codice as codice2_0_, cliente0_.indirizzo as indirizz3_0_, cliente0_.ragione_sociale as ragione_4_0_ from cliente cliente0_
2021-03-10 22:29:56.585 DEBUG 1788 --- [http-nio-8080-exec-1] org.hibernate.SQL                        : select cliente0_.id as id1_0_, cliente0_.codice as codice2_0_, cliente0_.indirizzo as indirizz3_0_, cliente0_.ragione_sociale as ragione_4_0_ from cliente cliente0_
